2020-11-20 12:42:26 [INFO ] c.sbs.example.lolHi.LolHiApplication - Starting LolHiApplication on wwifi-PC with PID 2932 (C:\work\sts-4.7.0.RELEASE-workspace\lolHi\target\classes started by wwifi in C:\work\sts-4.7.0.RELEASE-workspace\lolHi)
2020-11-20 12:42:26 [INFO ] c.sbs.example.lolHi.LolHiApplication - The following profiles are active: local
2020-11-20 12:42:26 [INFO ] o.s.b.d.e.DevToolsPropertyDefaultsPostProcessor - Devtools property defaults active! Set 'spring.devtools.add-properties' to 'false' to disable
2020-11-20 12:42:26 [INFO ] o.s.b.d.e.DevToolsPropertyDefaultsPostProcessor - For additional web related logging consider setting the 'logging.level.web' property to 'DEBUG'
2020-11-20 12:42:28 [INFO ] o.s.b.w.e.tomcat.TomcatWebServer - Tomcat initialized with port(s): 8080 (http)
2020-11-20 12:42:28 [INFO ] o.a.coyote.http11.Http11NioProtocol - Initializing ProtocolHandler ["http-nio-8080"]
2020-11-20 12:42:28 [INFO ] o.a.catalina.core.StandardService - Starting service [Tomcat]
2020-11-20 12:42:28 [INFO ] o.a.catalina.core.StandardEngine - Starting Servlet engine: [Apache Tomcat/9.0.38]
2020-11-20 12:42:29 [INFO ] org.apache.jasper.servlet.TldScanner - At least one JAR was scanned for TLDs yet contained no TLDs. Enable debug logging for this logger for a complete list of JARs that were scanned but no TLDs were found in them. Skipping unneeded JARs during scanning can improve startup time and JSP compilation time.
2020-11-20 12:42:29 [INFO ] o.a.c.c.C.[Tomcat].[localhost].[/] - Initializing Spring embedded WebApplicationContext
2020-11-20 12:42:29 [INFO ] o.s.b.w.s.c.ServletWebServerApplicationContext - Root WebApplicationContext: initialization completed in 2875 ms
2020-11-20 12:42:29 [INFO ] o.s.s.c.ThreadPoolTaskExecutor - Initializing ExecutorService 'applicationTaskExecutor'
2020-11-20 12:42:30 [INFO ] o.s.b.d.a.OptionalLiveReloadServer - LiveReload server is running on port 35729
2020-11-20 12:42:30 [INFO ] o.a.coyote.http11.Http11NioProtocol - Starting ProtocolHandler ["http-nio-8080"]
2020-11-20 12:42:30 [INFO ] o.s.b.w.e.tomcat.TomcatWebServer - Tomcat started on port(s): 8080 (http) with context path ''
2020-11-20 12:42:30 [INFO ] c.sbs.example.lolHi.LolHiApplication - Started LolHiApplication in 5.275 seconds (JVM running for 6.156)
2020-11-20 12:43:38 [INFO ] o.s.s.c.ThreadPoolTaskExecutor - Shutting down ExecutorService 'applicationTaskExecutor'
2020-11-20 12:43:39 [INFO ] c.sbs.example.lolHi.LolHiApplication - Starting LolHiApplication on wwifi-PC with PID 2932 (C:\work\sts-4.7.0.RELEASE-workspace\lolHi\target\classes started by wwifi in C:\work\sts-4.7.0.RELEASE-workspace\lolHi)
2020-11-20 12:43:39 [INFO ] c.sbs.example.lolHi.LolHiApplication - The following profiles are active: local
2020-11-20 12:43:39 [INFO ] o.s.b.w.e.tomcat.TomcatWebServer - Tomcat initialized with port(s): 8080 (http)
2020-11-20 12:43:39 [INFO ] o.a.coyote.http11.Http11NioProtocol - Initializing ProtocolHandler ["http-nio-8080"]
2020-11-20 12:43:39 [INFO ] o.a.catalina.core.StandardService - Starting service [Tomcat]
2020-11-20 12:43:39 [INFO ] o.a.catalina.core.StandardEngine - Starting Servlet engine: [Apache Tomcat/9.0.38]
2020-11-20 12:43:39 [INFO ] org.apache.jasper.servlet.TldScanner - At least one JAR was scanned for TLDs yet contained no TLDs. Enable debug logging for this logger for a complete list of JARs that were scanned but no TLDs were found in them. Skipping unneeded JARs during scanning can improve startup time and JSP compilation time.
2020-11-20 12:43:39 [INFO ] o.a.c.c.C.[Tomcat].[localhost].[/] - Initializing Spring embedded WebApplicationContext
2020-11-20 12:43:39 [INFO ] o.s.b.w.s.c.ServletWebServerApplicationContext - Root WebApplicationContext: initialization completed in 362 ms
2020-11-20 12:43:39 [INFO ] o.s.s.c.ThreadPoolTaskExecutor - Initializing ExecutorService 'applicationTaskExecutor'
2020-11-20 12:43:39 [INFO ] o.s.b.d.a.OptionalLiveReloadServer - LiveReload server is running on port 35729
2020-11-20 12:43:39 [INFO ] o.a.coyote.http11.Http11NioProtocol - Starting ProtocolHandler ["http-nio-8080"]
2020-11-20 12:43:39 [INFO ] o.s.b.w.e.tomcat.TomcatWebServer - Tomcat started on port(s): 8080 (http) with context path ''
2020-11-20 12:43:39 [INFO ] c.sbs.example.lolHi.LolHiApplication - Started LolHiApplication in 0.704 seconds (JVM running for 74.951)
2020-11-20 12:43:39 [INFO ] o.s.b.d.a.ConditionEvaluationDeltaLoggingListener - Condition evaluation unchanged
2020-11-20 12:43:58 [INFO ] o.s.s.c.ThreadPoolTaskExecutor - Shutting down ExecutorService 'applicationTaskExecutor'
