2020-10-07 19:23:14 [INFO ] c.sbs.example.lolHi.LolHiApplication - Starting LolHiApplication on wwifi-PC with PID 5460 (C:\work\sts-4.7.0.RELEASE-workspace\lolHi\target\classes started by wwifi in C:\work\sts-4.7.0.RELEASE-workspace\lolHi)
2020-10-07 19:23:14 [INFO ] c.sbs.example.lolHi.LolHiApplication - The following profiles are active: local
2020-10-07 19:23:14 [INFO ] o.s.b.d.e.DevToolsPropertyDefaultsPostProcessor - Devtools property defaults active! Set 'spring.devtools.add-properties' to 'false' to disable
2020-10-07 19:23:14 [INFO ] o.s.b.d.e.DevToolsPropertyDefaultsPostProcessor - For additional web related logging consider setting the 'logging.level.web' property to 'DEBUG'
2020-10-07 19:23:15 [INFO ] o.s.b.w.e.tomcat.TomcatWebServer - Tomcat initialized with port(s): 8080 (http)
2020-10-07 19:23:15 [INFO ] o.a.coyote.http11.Http11NioProtocol - Initializing ProtocolHandler ["http-nio-8080"]
2020-10-07 19:23:15 [INFO ] o.a.catalina.core.StandardService - Starting service [Tomcat]
2020-10-07 19:23:15 [INFO ] o.a.catalina.core.StandardEngine - Starting Servlet engine: [Apache Tomcat/9.0.38]
2020-10-07 19:23:16 [INFO ] org.apache.jasper.servlet.TldScanner - At least one JAR was scanned for TLDs yet contained no TLDs. Enable debug logging for this logger for a complete list of JARs that were scanned but no TLDs were found in them. Skipping unneeded JARs during scanning can improve startup time and JSP compilation time.
2020-10-07 19:23:16 [INFO ] o.a.c.c.C.[Tomcat].[localhost].[/] - Initializing Spring embedded WebApplicationContext
2020-10-07 19:23:16 [INFO ] o.s.b.w.s.c.ServletWebServerApplicationContext - Root WebApplicationContext: initialization completed in 1079 ms
2020-10-07 19:23:16 [INFO ] o.s.s.c.ThreadPoolTaskExecutor - Initializing ExecutorService 'applicationTaskExecutor'
2020-10-07 19:23:16 [INFO ] o.s.b.d.a.OptionalLiveReloadServer - LiveReload server is running on port 35729
2020-10-07 19:23:16 [INFO ] o.a.coyote.http11.Http11NioProtocol - Starting ProtocolHandler ["http-nio-8080"]
2020-10-07 19:23:16 [INFO ] o.s.b.w.e.tomcat.TomcatWebServer - Tomcat started on port(s): 8080 (http) with context path ''
2020-10-07 19:23:16 [INFO ] c.sbs.example.lolHi.LolHiApplication - Started LolHiApplication in 1.988 seconds (JVM running for 2.634)
2020-10-07 19:23:31 [INFO ] o.a.c.c.C.[Tomcat].[localhost].[/] - Initializing Spring DispatcherServlet 'dispatcherServlet'
2020-10-07 19:23:31 [INFO ] o.s.web.servlet.DispatcherServlet - Initializing Servlet 'dispatcherServlet'
2020-10-07 19:23:31 [INFO ] o.s.web.servlet.DispatcherServlet - Completed initialization in 5 ms
2020-10-07 19:23:31 [INFO ] com.zaxxer.hikari.HikariDataSource - HikariPool-1 - Starting...
2020-10-07 19:23:31 [INFO ] com.zaxxer.hikari.HikariDataSource - HikariPool-1 - Start completed.
2020-10-07 19:23:31 [DEBUG] jdbc.sqltiming -  com.zaxxer.hikari.pool.ProxyPreparedStatement.execute(ProxyPreparedStatement.java:44)
1. SELECT *
		FROM article
 {executed in 6 msec}
2020-10-07 19:23:31 [INFO ] jdbc.resultsettable - 
|---|--------------------|--------------------|------|-----|
|id |regdate             |updatedate          |title |body |
|---|--------------------|--------------------|------|-----|
|1  |2020-10-06 19:28:51 |2020-10-06 19:28:51 |제목1   |내용1  |
|2  |2020-10-06 19:28:51 |2020-10-06 19:28:51 |제목2   |내용2  |
|3  |2020-10-06 19:28:51 |2020-10-06 19:28:51 |제목3   |내용3  |
|4  |2020-10-06 19:28:51 |2020-10-06 19:28:51 |제목4   |내용4  |
|5  |2020-10-06 19:28:51 |2020-10-06 19:28:51 |제목5   |내용5  |
|6  |2020-10-06 19:28:51 |2020-10-06 19:28:51 |제목6   |내용6  |
|---|--------------------|--------------------|------|-----|

2020-10-07 19:23:32 [DEBUG] jdbc.sqltiming -  com.zaxxer.hikari.pool.ProxyPreparedStatement.execute(ProxyPreparedStatement.java:44)
1. SELECT *
		FROM article
 {executed in 1 msec}
2020-10-07 19:23:32 [INFO ] jdbc.resultsettable - 
|---|--------------------|--------------------|------|-----|
|id |regdate             |updatedate          |title |body |
|---|--------------------|--------------------|------|-----|
|1  |2020-10-06 19:28:51 |2020-10-06 19:28:51 |제목1   |내용1  |
|2  |2020-10-06 19:28:51 |2020-10-06 19:28:51 |제목2   |내용2  |
|3  |2020-10-06 19:28:51 |2020-10-06 19:28:51 |제목3   |내용3  |
|4  |2020-10-06 19:28:51 |2020-10-06 19:28:51 |제목4   |내용4  |
|5  |2020-10-06 19:28:51 |2020-10-06 19:28:51 |제목5   |내용5  |
|6  |2020-10-06 19:28:51 |2020-10-06 19:28:51 |제목6   |내용6  |
|---|--------------------|--------------------|------|-----|

2020-10-07 19:23:32 [DEBUG] jdbc.sqltiming -  com.zaxxer.hikari.pool.ProxyPreparedStatement.execute(ProxyPreparedStatement.java:44)
1. SELECT *
		FROM article
 {executed in 1 msec}
2020-10-07 19:23:32 [INFO ] jdbc.resultsettable - 
|---|--------------------|--------------------|------|-----|
|id |regdate             |updatedate          |title |body |
|---|--------------------|--------------------|------|-----|
|1  |2020-10-06 19:28:51 |2020-10-06 19:28:51 |제목1   |내용1  |
|2  |2020-10-06 19:28:51 |2020-10-06 19:28:51 |제목2   |내용2  |
|3  |2020-10-06 19:28:51 |2020-10-06 19:28:51 |제목3   |내용3  |
|4  |2020-10-06 19:28:51 |2020-10-06 19:28:51 |제목4   |내용4  |
|5  |2020-10-06 19:28:51 |2020-10-06 19:28:51 |제목5   |내용5  |
|6  |2020-10-06 19:28:51 |2020-10-06 19:28:51 |제목6   |내용6  |
|---|--------------------|--------------------|------|-----|

2020-10-07 19:24:02 [INFO ] o.s.b.a.SpringApplicationAdminMXBeanRegistrar$SpringApplicationAdmin - Application shutdown requested.
2020-10-07 19:24:02 [INFO ] o.s.s.c.ThreadPoolTaskExecutor - Shutting down ExecutorService 'applicationTaskExecutor'
2020-10-07 19:24:02 [INFO ] com.zaxxer.hikari.HikariDataSource - HikariPool-1 - Shutdown initiated...
2020-10-07 19:24:02 [INFO ] com.zaxxer.hikari.HikariDataSource - HikariPool-1 - Shutdown completed.
